2025-03-03 19:07:33,116 [background-preinit] INFO  o.h.validator.internal.util.Version: HV000001: Hibernate Validator 8.0.2.Final
2025-03-03 19:07:33,196 [restartedMain] INFO  b.c.I.IdentityProviderApplicationKt: Starting IdentityProviderApplicationKt using Java 23.0.2 with PID 40164 (C:\workspace\IdentityProvider\target\classes started by danil in C:\workspace\IdentityProvider)
2025-03-03 19:07:33,199 [restartedMain] INFO  b.c.I.IdentityProviderApplicationKt: No active profile set, falling back to 1 default profile: "default"
2025-03-03 19:07:33,305 [restartedMain] INFO  o.s.b.d.e.DevToolsPropertyDefaultsPostProcessor: Devtools property defaults active! Set 'spring.devtools.add-properties' to 'false' to disable
2025-03-03 19:07:33,314 [restartedMain] INFO  o.s.b.d.e.DevToolsPropertyDefaultsPostProcessor: For additional web related logging consider setting the 'logging.level.web' property to 'DEBUG'
2025-03-03 19:07:34,072 [restartedMain] WARN  o.s.b.w.s.c.AnnotationConfigServletWebServerApplicationContext: Exception encountered during context initialization - cancelling refresh attempt: org.springframework.beans.factory.BeanDefinitionStoreException: Failed to process import candidates for configuration class [br.com.IdentityProvider.IdentityProviderApplication]: Could not find class [org.springdoc.core.conditions.MultipleOpenApiSupportCondition]
2025-03-03 19:07:34,565 [restartedMain] INFO  o.s.b.a.l.ConditionEvaluationReportLogger: 

Error starting ApplicationContext. To display the condition evaluation report re-run your application with 'debug' enabled.
2025-03-03 19:07:34,600 [restartedMain] ERROR o.s.boot.SpringApplication: Application run failed
org.springframework.beans.factory.BeanDefinitionStoreException: Failed to process import candidates for configuration class [br.com.IdentityProvider.IdentityProviderApplication]: Could not find class [org.springdoc.core.conditions.MultipleOpenApiSupportCondition]
	at org.springframework.context.annotation.ConfigurationClassParser.processImports(ConfigurationClassParser.java:613)
	at org.springframework.context.annotation.ConfigurationClassParser$DeferredImportSelectorGroupingHandler.lambda$processGroupImports$1(ConfigurationClassParser.java:836)
	at java.base/java.lang.Iterable.forEach(Iterable.java:75)
	at org.springframework.context.annotation.ConfigurationClassParser$DeferredImportSelectorGroupingHandler.processGroupImports(ConfigurationClassParser.java:833)
	at org.springframework.context.annotation.ConfigurationClassParser$DeferredImportSelectorHandler.process(ConfigurationClassParser.java:803)
	at org.springframework.context.annotation.ConfigurationClassParser.parse(ConfigurationClassParser.java:189)
	at org.springframework.context.annotation.ConfigurationClassPostProcessor.processConfigBeanDefinitions(ConfigurationClassPostProcessor.java:418)
	at org.springframework.context.annotation.ConfigurationClassPostProcessor.postProcessBeanDefinitionRegistry(ConfigurationClassPostProcessor.java:290)
	at org.springframework.context.support.PostProcessorRegistrationDelegate.invokeBeanDefinitionRegistryPostProcessors(PostProcessorRegistrationDelegate.java:349)
	at org.springframework.context.support.PostProcessorRegistrationDelegate.invokeBeanFactoryPostProcessors(PostProcessorRegistrationDelegate.java:118)
	at org.springframework.context.support.AbstractApplicationContext.invokeBeanFactoryPostProcessors(AbstractApplicationContext.java:791)
	at org.springframework.context.support.AbstractApplicationContext.refresh(AbstractApplicationContext.java:609)
	at org.springframework.boot.web.servlet.context.ServletWebServerApplicationContext.refresh(ServletWebServerApplicationContext.java:146)
	at org.springframework.boot.SpringApplication.refresh(SpringApplication.java:752)
	at org.springframework.boot.SpringApplication.refreshContext(SpringApplication.java:439)
	at org.springframework.boot.SpringApplication.run(SpringApplication.java:318)
	at org.springframework.boot.SpringApplication.run(SpringApplication.java:1361)
	at org.springframework.boot.SpringApplication.run(SpringApplication.java:1350)
	at br.com.IdentityProvider.IdentityProviderApplicationKt.main(IdentityProviderApplication.kt:13)
	at java.base/jdk.internal.reflect.DirectMethodHandleAccessor.invoke(DirectMethodHandleAccessor.java:103)
	at java.base/java.lang.reflect.Method.invoke(Method.java:580)
	at org.springframework.boot.devtools.restart.RestartLauncher.run(RestartLauncher.java:50)
Caused by: java.lang.IllegalArgumentException: Could not find class [org.springdoc.core.conditions.MultipleOpenApiSupportCondition]
	at org.springframework.util.ClassUtils.resolveClassName(ClassUtils.java:372)
	at org.springframework.context.annotation.ConditionEvaluator.getCondition(ConditionEvaluator.java:137)
	at org.springframework.context.annotation.ConditionEvaluator.collectConditions(ConditionEvaluator.java:121)
	at org.springframework.context.annotation.ConditionEvaluator.shouldSkip(ConditionEvaluator.java:93)
	at org.springframework.context.annotation.ConfigurationClassParser.processConfigurationClass(ConfigurationClassParser.java:233)
	at org.springframework.context.annotation.ConfigurationClassParser.processImports(ConfigurationClassParser.java:603)
	... 21 common frames omitted
Caused by: java.lang.ClassNotFoundException: org.springdoc.core.conditions.MultipleOpenApiSupportCondition
	at java.base/jdk.internal.loader.BuiltinClassLoader.loadClass(BuiltinClassLoader.java:641)
	at java.base/jdk.internal.loader.ClassLoaders$AppClassLoader.loadClass(ClassLoaders.java:188)
	at java.base/java.lang.ClassLoader.loadClass(ClassLoader.java:528)
	at java.base/java.lang.Class.forName0(Native Method)
	at java.base/java.lang.Class.forName(Class.java:578)
	at java.base/java.lang.Class.forName(Class.java:557)
	at org.springframework.boot.devtools.restart.classloader.RestartClassLoader.loadClass(RestartClassLoader.java:121)
	at java.base/java.lang.ClassLoader.loadClass(ClassLoader.java:528)
	at java.base/java.lang.Class.forName0(Native Method)
	at java.base/java.lang.Class.forName(Class.java:578)
	at java.base/java.lang.Class.forName(Class.java:557)
	at org.springframework.util.ClassUtils.forName(ClassUtils.java:321)
	at org.springframework.util.ClassUtils.resolveClassName(ClassUtils.java:362)
	... 26 common frames omitted
2025-03-03 19:13:04,912 [background-preinit] INFO  o.h.validator.internal.util.Version: HV000001: Hibernate Validator 8.0.2.Final
2025-03-03 19:13:05,003 [restartedMain] INFO  b.c.I.IdentityProviderApplicationKt: Starting IdentityProviderApplicationKt using Java 23.0.2 with PID 18436 (C:\workspace\IdentityProvider\target\classes started by danil in C:\workspace\IdentityProvider)
2025-03-03 19:13:05,005 [restartedMain] INFO  b.c.I.IdentityProviderApplicationKt: No active profile set, falling back to 1 default profile: "default"
2025-03-03 19:13:05,112 [restartedMain] INFO  o.s.b.d.e.DevToolsPropertyDefaultsPostProcessor: Devtools property defaults active! Set 'spring.devtools.add-properties' to 'false' to disable
2025-03-03 19:13:05,113 [restartedMain] INFO  o.s.b.d.e.DevToolsPropertyDefaultsPostProcessor: For additional web related logging consider setting the 'logging.level.web' property to 'DEBUG'
2025-03-03 19:13:08,473 [restartedMain] INFO  o.s.d.r.c.RepositoryConfigurationDelegate: Bootstrapping Spring Data JPA repositories in DEFAULT mode.
2025-03-03 19:13:08,621 [restartedMain] INFO  o.s.d.r.c.RepositoryConfigurationDelegate: Finished Spring Data repository scanning in 124 ms. Found 1 JPA repository interface.
2025-03-03 19:13:10,325 [restartedMain] INFO  o.s.b.w.e.tomcat.TomcatWebServer: Tomcat initialized with port 9000 (http)
2025-03-03 19:13:10,343 [restartedMain] INFO  o.a.coyote.http11.Http11NioProtocol: Initializing ProtocolHandler ["http-nio-9000"]
2025-03-03 19:13:10,348 [restartedMain] INFO  o.a.catalina.core.StandardService: Starting service [Tomcat]
2025-03-03 19:13:10,348 [restartedMain] INFO  o.a.catalina.core.StandardEngine: Starting Servlet engine: [Apache Tomcat/10.1.36]
2025-03-03 19:13:10,466 [restartedMain] INFO  o.a.c.c.C.[Tomcat].[localhost].[/]: Initializing Spring embedded WebApplicationContext
2025-03-03 19:13:10,467 [restartedMain] INFO  o.s.b.w.s.c.ServletWebServerApplicationContext: Root WebApplicationContext: initialization completed in 5353 ms
2025-03-03 19:13:11,606 [restartedMain] INFO  com.zaxxer.hikari.HikariDataSource: HikariPool-1 - Starting...
2025-03-03 19:13:11,959 [restartedMain] INFO  com.zaxxer.hikari.pool.HikariPool: HikariPool-1 - Added connection org.postgresql.jdbc.PgConnection@2e594389
2025-03-03 19:13:11,963 [restartedMain] INFO  com.zaxxer.hikari.HikariDataSource: HikariPool-1 - Start completed.
2025-03-03 19:13:12,054 [restartedMain] INFO  org.flywaydb.core.FlywayExecutor: Database: jdbc:postgresql://localhost:5432/identity_db (PostgreSQL 16.3)
2025-03-03 19:13:12,183 [restartedMain] INFO  o.f.c.internal.command.DbValidate: Successfully validated 2 migrations (execution time 00:00.067s)
2025-03-03 19:13:12,226 [restartedMain] INFO  o.f.core.internal.command.DbMigrate: Current version of schema "public": 1
2025-03-03 19:13:12,236 [restartedMain] INFO  o.f.core.internal.command.DbMigrate: Schema "public" is up to date. No migration necessary.
2025-03-03 19:13:12,532 [restartedMain] INFO  o.h.jpa.internal.util.LogHelper: HHH000204: Processing PersistenceUnitInfo [name: default]
2025-03-03 19:13:12,615 [restartedMain] INFO  org.hibernate.Version: HHH000412: Hibernate ORM core version 6.6.8.Final
2025-03-03 19:13:12,678 [restartedMain] INFO  o.h.c.i.RegionFactoryInitiator: HHH000026: Second-level cache disabled
2025-03-03 19:13:13,119 [restartedMain] INFO  o.s.o.j.p.SpringPersistenceUnitInfo: No LoadTimeWeaver setup: ignoring JPA class transformer
2025-03-03 19:13:13,203 [restartedMain] WARN  org.hibernate.orm.deprecation: HHH90000025: PostgreSQLDialect does not need to be specified explicitly using 'hibernate.dialect' (remove the property setting and it will be selected by default)
2025-03-03 19:13:13,227 [restartedMain] INFO  o.hibernate.orm.connections.pooling: HHH10001005: Database info:
	Database JDBC URL [Connecting through datasource 'HikariDataSource (HikariPool-1)']
	Database driver: undefined/unknown
	Database version: 16.3
	Autocommit mode: undefined/unknown
	Isolation level: undefined/unknown
	Minimum pool size: undefined/unknown
	Maximum pool size: undefined/unknown
2025-03-03 19:13:14,569 [restartedMain] INFO  o.h.e.t.j.p.i.JtaPlatformInitiator: HHH000489: No JTA platform available (set 'hibernate.transaction.jta.platform' to enable JTA platform integration)
2025-03-03 19:13:14,629 [restartedMain] INFO  o.s.o.j.LocalContainerEntityManagerFactoryBean: Initialized JPA EntityManagerFactory for persistence unit 'default'
2025-03-03 19:13:16,054 [restartedMain] INFO  o.s.s.c.a.a.c.InitializeAuthenticationProviderBeanManagerConfigurer$InitializeAuthenticationProviderManagerConfigurer: Global AuthenticationManager configured with AuthenticationProvider bean with name authenticationProvider
2025-03-03 19:13:16,055 [restartedMain] WARN  o.s.s.c.a.a.c.InitializeUserDetailsBeanManagerConfigurer$InitializeUserDetailsManagerConfigurer: Global AuthenticationManager configured with an AuthenticationProvider bean. UserDetailsService beans will not be used by Spring Security for automatically configuring username/password login. Consider removing the AuthenticationProvider bean. Alternatively, consider using the UserDetailsService in a manually instantiated DaoAuthenticationProvider. If the current configuration is intentional, to turn off this warning, increase the logging level of 'org.springframework.security.config.annotation.authentication.configuration.InitializeUserDetailsBeanManagerConfigurer' to ERROR
2025-03-03 19:13:16,661 [restartedMain] WARN  o.s.b.a.o.j.JpaBaseConfiguration$JpaWebConfiguration: spring.jpa.open-in-view is enabled by default. Therefore, database queries may be performed during view rendering. Explicitly configure spring.jpa.open-in-view to disable this warning
2025-03-03 19:13:18,872 [restartedMain] INFO  o.s.b.a.e.web.EndpointLinksResolver: Exposing 15 endpoints beneath base path '/actuator'
2025-03-03 19:13:20,230 [restartedMain] INFO  o.s.b.d.a.OptionalLiveReloadServer: LiveReload server is running on port 35729
2025-03-03 19:13:20,318 [restartedMain] INFO  o.a.coyote.http11.Http11NioProtocol: Starting ProtocolHandler ["http-nio-9000"]
2025-03-03 19:13:20,344 [restartedMain] INFO  o.s.b.w.e.tomcat.TomcatWebServer: Tomcat started on port 9000 (http) with context path '/'
2025-03-03 19:13:20,386 [restartedMain] INFO  b.c.I.IdentityProviderApplicationKt: Started IdentityProviderApplicationKt in 16.091 seconds (process running for 16.847)
2025-03-03 19:13:47,991 [http-nio-9000-exec-2] INFO  o.a.c.c.C.[Tomcat].[localhost].[/]: Initializing Spring DispatcherServlet 'dispatcherServlet'
2025-03-03 19:13:47,991 [http-nio-9000-exec-2] INFO  o.s.web.servlet.DispatcherServlet: Initializing Servlet 'dispatcherServlet'
2025-03-03 19:13:47,992 [http-nio-9000-exec-2] INFO  o.s.web.servlet.DispatcherServlet: Completed initialization in 0 ms
2025-03-03 19:13:48,580 [http-nio-9000-exec-2] WARN  o.s.w.s.m.m.a.ExceptionHandlerExceptionResolver: Resolved [jakarta.servlet.ServletException: Handler dispatch failed: java.lang.NoSuchMethodError: 'void org.springframework.web.method.ControllerAdviceBean.<init>(java.lang.Object)']
2025-03-03 19:20:46,577 [File Watcher] INFO  o.s.b.d.a.LocalDevToolsAutoConfiguration$RestartingClassPathChangeChangedEventListener: Restarting due to 20 class path changes (0 additions, 19 deletions, 1 modification)
2025-03-03 19:20:46,589 [Thread-5] INFO  o.s.b.w.e.tomcat.GracefulShutdown: Commencing graceful shutdown. Waiting for active requests to complete
2025-03-03 19:20:46,610 [tomcat-shutdown] INFO  o.a.coyote.http11.Http11NioProtocol: Pausing ProtocolHandler ["http-nio-9000"]
2025-03-03 19:20:46,627 [tomcat-shutdown] INFO  o.s.b.w.e.tomcat.GracefulShutdown: Graceful shutdown complete
2025-03-03 19:20:46,628 [Thread-5] INFO  o.a.coyote.http11.Http11NioProtocol: Stopping ProtocolHandler ["http-nio-9000"]
2025-03-03 19:20:46,650 [Thread-5] INFO  o.s.o.j.LocalContainerEntityManagerFactoryBean: Closing JPA EntityManagerFactory for persistence unit 'default'
2025-03-03 19:20:46,670 [Thread-5] INFO  com.zaxxer.hikari.HikariDataSource: HikariPool-1 - Shutdown initiated...
2025-03-03 19:20:46,830 [Thread-5] INFO  com.zaxxer.hikari.HikariDataSource: HikariPool-1 - Shutdown completed.
2025-03-03 19:20:47,390 [restartedMain] INFO  b.c.I.IdentityProviderApplicationKt: Starting IdentityProviderApplicationKt using Java 23.0.2 with PID 18436 (C:\workspace\IdentityProvider\target\classes started by danil in C:\workspace\IdentityProvider)
2025-03-03 19:20:47,390 [restartedMain] INFO  b.c.I.IdentityProviderApplicationKt: No active profile set, falling back to 1 default profile: "default"
2025-03-03 19:20:48,510 [restartedMain] INFO  o.s.d.r.c.RepositoryConfigurationDelegate: Bootstrapping Spring Data JPA repositories in DEFAULT mode.
2025-03-03 19:20:48,521 [restartedMain] INFO  o.s.d.r.c.RepositoryConfigurationDelegate: Finished Spring Data repository scanning in 2 ms. Found 0 JPA repository interfaces.
2025-03-03 19:20:48,900 [restartedMain] INFO  o.s.b.w.e.tomcat.TomcatWebServer: Tomcat initialized with port 9000 (http)
2025-03-03 19:20:48,909 [restartedMain] INFO  o.a.coyote.http11.Http11NioProtocol: Initializing ProtocolHandler ["http-nio-9000"]
2025-03-03 19:20:48,911 [restartedMain] INFO  o.a.catalina.core.StandardService: Starting service [Tomcat]
2025-03-03 19:20:48,912 [restartedMain] INFO  o.a.catalina.core.StandardEngine: Starting Servlet engine: [Apache Tomcat/10.1.36]
2025-03-03 19:20:48,985 [restartedMain] INFO  o.a.c.c.C.[Tomcat].[localhost].[/]: Initializing Spring embedded WebApplicationContext
2025-03-03 19:20:48,985 [restartedMain] INFO  o.s.b.w.s.c.ServletWebServerApplicationContext: Root WebApplicationContext: initialization completed in 1584 ms
2025-03-03 19:20:49,224 [restartedMain] INFO  com.zaxxer.hikari.HikariDataSource: HikariPool-2 - Starting...
2025-03-03 19:20:49,276 [restartedMain] INFO  com.zaxxer.hikari.pool.HikariPool: HikariPool-2 - Added connection org.postgresql.jdbc.PgConnection@2db4ffff
2025-03-03 19:20:49,277 [restartedMain] INFO  com.zaxxer.hikari.HikariDataSource: HikariPool-2 - Start completed.
2025-03-03 19:20:49,292 [restartedMain] INFO  org.flywaydb.core.FlywayExecutor: Database: jdbc:postgresql://localhost:5432/identity_db (PostgreSQL 16.3)
2025-03-03 19:20:49,347 [restartedMain] INFO  o.f.c.internal.command.DbValidate: Successfully validated 2 migrations (execution time 00:00.015s)
2025-03-03 19:20:49,424 [restartedMain] INFO  o.f.core.internal.command.DbMigrate: Current version of schema "public": 1
2025-03-03 19:20:49,443 [restartedMain] INFO  o.f.core.internal.command.DbMigrate: Schema "public" is up to date. No migration necessary.
2025-03-03 19:20:49,508 [restartedMain] INFO  o.h.jpa.internal.util.LogHelper: HHH000204: Processing PersistenceUnitInfo [name: default]
2025-03-03 19:20:49,510 [restartedMain] INFO  o.h.c.i.RegionFactoryInitiator: HHH000026: Second-level cache disabled
2025-03-03 19:20:49,550 [restartedMain] INFO  o.s.o.j.p.SpringPersistenceUnitInfo: No LoadTimeWeaver setup: ignoring JPA class transformer
2025-03-03 19:20:49,566 [restartedMain] WARN  org.hibernate.orm.deprecation: HHH90000025: PostgreSQLDialect does not need to be specified explicitly using 'hibernate.dialect' (remove the property setting and it will be selected by default)
2025-03-03 19:20:49,574 [restartedMain] INFO  o.hibernate.orm.connections.pooling: HHH10001005: Database info:
	Database JDBC URL [Connecting through datasource 'HikariDataSource (HikariPool-2)']
	Database driver: undefined/unknown
	Database version: 16.3
	Autocommit mode: undefined/unknown
	Isolation level: undefined/unknown
	Minimum pool size: undefined/unknown
	Maximum pool size: undefined/unknown
2025-03-03 19:20:49,636 [restartedMain] INFO  o.h.e.t.j.p.i.JtaPlatformInitiator: HHH000489: No JTA platform available (set 'hibernate.transaction.jta.platform' to enable JTA platform integration)
2025-03-03 19:20:49,637 [restartedMain] INFO  o.s.o.j.LocalContainerEntityManagerFactoryBean: Initialized JPA EntityManagerFactory for persistence unit 'default'
2025-03-03 19:20:49,855 [restartedMain] WARN  o.s.b.a.o.j.JpaBaseConfiguration$JpaWebConfiguration: spring.jpa.open-in-view is enabled by default. Therefore, database queries may be performed during view rendering. Explicitly configure spring.jpa.open-in-view to disable this warning
2025-03-03 19:20:50,638 [restartedMain] WARN  o.s.b.a.s.s.UserDetailsServiceAutoConfiguration: 

Using generated security password: 7a56df1c-59f2-489c-84ad-e0f1dc3309a9

This generated password is for development use only. Your security configuration must be updated before running your application in production.

2025-03-03 19:20:50,646 [restartedMain] INFO  o.s.s.c.a.a.c.InitializeUserDetailsBeanManagerConfigurer$InitializeUserDetailsManagerConfigurer: Global AuthenticationManager configured with UserDetailsService bean with name inMemoryUserDetailsManager
2025-03-03 19:20:50,722 [restartedMain] INFO  o.s.b.a.e.web.EndpointLinksResolver: Exposing 15 endpoints beneath base path '/actuator'
2025-03-03 19:20:50,865 [restartedMain] INFO  o.s.b.d.a.OptionalLiveReloadServer: LiveReload server is running on port 35729
2025-03-03 19:20:50,898 [restartedMain] INFO  o.a.coyote.http11.Http11NioProtocol: Starting ProtocolHandler ["http-nio-9000"]
2025-03-03 19:20:50,900 [restartedMain] INFO  o.s.b.w.e.tomcat.TomcatWebServer: Tomcat started on port 9000 (http) with context path '/'
2025-03-03 19:20:50,950 [restartedMain] INFO  b.c.I.IdentityProviderApplicationKt: Started IdentityProviderApplicationKt in 3.725 seconds (process running for 467.413)
2025-03-03 19:20:50,960 [restartedMain] INFO  o.s.b.d.a.ConditionEvaluationDeltaLoggingListener: Condition evaluation delta:


==========================
CONDITION EVALUATION DELTA
==========================


Positive matches:
-----------------

   ManagementWebSecurityAutoConfiguration matched:
      - found 'session' scope (OnWebApplicationCondition)
      - AllNestedConditions 2 matched 0 did not; NestedCondition on DefaultWebSecurityCondition.Beans @ConditionalOnMissingBean (types: org.springframework.security.web.SecurityFilterChain; SearchStrategy: all) did not find any beans; NestedCondition on DefaultWebSecurityCondition.Classes @ConditionalOnClass found required classes 'org.springframework.security.web.SecurityFilterChain', 'org.springframework.security.config.annotation.web.builders.HttpSecurity' (DefaultWebSecurityCondition)

   SpringBootWebSecurityConfiguration.WebSecurityEnablerConfiguration matched:
      - @ConditionalOnClass found required class 'org.springframework.security.config.annotation.web.configuration.EnableWebSecurity' (OnClassCondition)
      - @ConditionalOnMissingBean (names: springSecurityFilterChain; SearchStrategy: all) did not find any beans (OnBeanCondition)

   UserDetailsServiceAutoConfiguration matched:
      - @ConditionalOnClass found required class 'org.springframework.security.authentication.AuthenticationManager' (OnClassCondition)
      - found 'session' scope (OnWebApplicationCondition)
      - AnyNestedCondition 1 matched 2 did not; NestedCondition on UserDetailsServiceAutoConfiguration.MissingAlternativeOrUserPropertiesConfigured.PasswordConfigured @ConditionalOnProperty (spring.security.user.password) did not find property 'password'; NestedCondition on UserDetailsServiceAutoConfiguration.MissingAlternativeOrUserPropertiesConfigured.NameConfigured @ConditionalOnProperty (spring.security.user.name) did not find property 'name'; NestedCondition on UserDetailsServiceAutoConfiguration.MissingAlternativeOrUserPropertiesConfigured.MissingAlternative @ConditionalOnMissingClass did not find unwanted classes 'org.springframework.security.oauth2.client.registration.ClientRegistrationRepository', 'org.springframework.security.oauth2.server.resource.introspection.OpaqueTokenIntrospector', 'org.springframework.security.saml2.provider.service.registration.RelyingPartyRegistrationRepository' (UserDetailsServiceAutoConfiguration.MissingAlternativeOrUserPropertiesConfigured)
      - @ConditionalOnBean (types: org.springframework.security.config.ObjectPostProcessor; SearchStrategy: all) found beans 'objectPostProcessor', 'webAuthorizationManagerPostProcessor', 'filterChainDecoratorPostProcessor', 'authenticationManagerPostProcessor'; @ConditionalOnMissingBean (types: org.springframework.security.authentication.AuthenticationManager,org.springframework.security.authentication.AuthenticationProvider,org.springframework.security.core.userdetails.UserDetailsService,org.springframework.security.authentication.AuthenticationManagerResolver,org.springframework.security.oauth2.jwt.JwtDecoder; SearchStrategy: all) did not find any beans (OnBeanCondition)


Negative matches:
-----------------

    None


Exclusions:
-----------

    None


Unconditional classes:
----------------------

    None



2025-03-03 19:22:00,449 [SpringApplicationShutdownHook] INFO  o.s.b.w.e.tomcat.GracefulShutdown: Commencing graceful shutdown. Waiting for active requests to complete
2025-03-03 19:22:00,459 [tomcat-shutdown] INFO  o.s.b.w.e.tomcat.GracefulShutdown: Graceful shutdown complete
2025-03-03 19:22:00,465 [SpringApplicationShutdownHook] INFO  o.s.o.j.LocalContainerEntityManagerFactoryBean: Closing JPA EntityManagerFactory for persistence unit 'default'
2025-03-03 19:22:00,466 [SpringApplicationShutdownHook] INFO  com.zaxxer.hikari.HikariDataSource: HikariPool-2 - Shutdown initiated...
2025-03-03 19:22:00,476 [SpringApplicationShutdownHook] INFO  com.zaxxer.hikari.HikariDataSource: HikariPool-2 - Shutdown completed.
2025-03-03 19:22:11,480 [background-preinit] INFO  o.h.validator.internal.util.Version: HV000001: Hibernate Validator 8.0.2.Final
2025-03-03 19:22:11,601 [restartedMain] INFO  b.c.I.IdentityProviderApplicationKt: Starting IdentityProviderApplicationKt using Java 23.0.2 with PID 18544 (C:\workspace\IdentityProvider\target\classes started by danil in C:\workspace\IdentityProvider)
2025-03-03 19:22:11,603 [restartedMain] INFO  b.c.I.IdentityProviderApplicationKt: No active profile set, falling back to 1 default profile: "default"
2025-03-03 19:22:11,745 [restartedMain] INFO  o.s.b.d.e.DevToolsPropertyDefaultsPostProcessor: Devtools property defaults active! Set 'spring.devtools.add-properties' to 'false' to disable
2025-03-03 19:22:11,746 [restartedMain] INFO  o.s.b.d.e.DevToolsPropertyDefaultsPostProcessor: For additional web related logging consider setting the 'logging.level.web' property to 'DEBUG'
2025-03-03 19:22:15,470 [restartedMain] INFO  o.s.d.r.c.RepositoryConfigurationDelegate: Bootstrapping Spring Data JPA repositories in DEFAULT mode.
2025-03-03 19:22:15,619 [restartedMain] INFO  o.s.d.r.c.RepositoryConfigurationDelegate: Finished Spring Data repository scanning in 102 ms. Found 1 JPA repository interface.
2025-03-03 19:22:17,495 [restartedMain] INFO  o.s.b.w.e.tomcat.TomcatWebServer: Tomcat initialized with port 9000 (http)
2025-03-03 19:22:17,522 [restartedMain] INFO  o.a.coyote.http11.Http11NioProtocol: Initializing ProtocolHandler ["http-nio-9000"]
2025-03-03 19:22:17,526 [restartedMain] INFO  o.a.catalina.core.StandardService: Starting service [Tomcat]
2025-03-03 19:22:17,526 [restartedMain] INFO  o.a.catalina.core.StandardEngine: Starting Servlet engine: [Apache Tomcat/10.1.36]
2025-03-03 19:22:17,629 [restartedMain] INFO  o.a.c.c.C.[Tomcat].[localhost].[/]: Initializing Spring embedded WebApplicationContext
2025-03-03 19:22:17,630 [restartedMain] INFO  o.s.b.w.s.c.ServletWebServerApplicationContext: Root WebApplicationContext: initialization completed in 5881 ms
2025-03-03 19:22:18,680 [restartedMain] INFO  com.zaxxer.hikari.HikariDataSource: HikariPool-1 - Starting...
2025-03-03 19:22:19,019 [restartedMain] INFO  com.zaxxer.hikari.pool.HikariPool: HikariPool-1 - Added connection org.postgresql.jdbc.PgConnection@5896e276
2025-03-03 19:22:19,024 [restartedMain] INFO  com.zaxxer.hikari.HikariDataSource: HikariPool-1 - Start completed.
2025-03-03 19:22:19,084 [restartedMain] INFO  org.flywaydb.core.FlywayExecutor: Database: jdbc:postgresql://localhost:5432/identity_db (PostgreSQL 16.3)
2025-03-03 19:22:19,223 [restartedMain] INFO  o.f.c.internal.command.DbValidate: Successfully validated 2 migrations (execution time 00:00.079s)
2025-03-03 19:22:19,275 [restartedMain] INFO  o.f.core.internal.command.DbMigrate: Current version of schema "public": 1
2025-03-03 19:22:19,283 [restartedMain] INFO  o.f.core.internal.command.DbMigrate: Schema "public" is up to date. No migration necessary.
2025-03-03 19:22:19,635 [restartedMain] INFO  o.h.jpa.internal.util.LogHelper: HHH000204: Processing PersistenceUnitInfo [name: default]
2025-03-03 19:22:19,747 [restartedMain] INFO  org.hibernate.Version: HHH000412: Hibernate ORM core version 6.6.8.Final
2025-03-03 19:22:19,837 [restartedMain] INFO  o.h.c.i.RegionFactoryInitiator: HHH000026: Second-level cache disabled
2025-03-03 19:22:20,409 [restartedMain] INFO  o.s.o.j.p.SpringPersistenceUnitInfo: No LoadTimeWeaver setup: ignoring JPA class transformer
2025-03-03 19:22:20,564 [restartedMain] WARN  org.hibernate.orm.deprecation: HHH90000025: PostgreSQLDialect does not need to be specified explicitly using 'hibernate.dialect' (remove the property setting and it will be selected by default)
2025-03-03 19:22:20,608 [restartedMain] INFO  o.hibernate.orm.connections.pooling: HHH10001005: Database info:
	Database JDBC URL [Connecting through datasource 'HikariDataSource (HikariPool-1)']
	Database driver: undefined/unknown
	Database version: 16.3
	Autocommit mode: undefined/unknown
	Isolation level: undefined/unknown
	Minimum pool size: undefined/unknown
	Maximum pool size: undefined/unknown
2025-03-03 19:22:22,329 [restartedMain] INFO  o.h.e.t.j.p.i.JtaPlatformInitiator: HHH000489: No JTA platform available (set 'hibernate.transaction.jta.platform' to enable JTA platform integration)
2025-03-03 19:22:22,418 [restartedMain] INFO  o.s.o.j.LocalContainerEntityManagerFactoryBean: Initialized JPA EntityManagerFactory for persistence unit 'default'
2025-03-03 19:22:24,057 [restartedMain] INFO  o.s.s.c.a.a.c.InitializeAuthenticationProviderBeanManagerConfigurer$InitializeAuthenticationProviderManagerConfigurer: Global AuthenticationManager configured with AuthenticationProvider bean with name authenticationProvider
2025-03-03 19:22:24,059 [restartedMain] WARN  o.s.s.c.a.a.c.InitializeUserDetailsBeanManagerConfigurer$InitializeUserDetailsManagerConfigurer: Global AuthenticationManager configured with an AuthenticationProvider bean. UserDetailsService beans will not be used by Spring Security for automatically configuring username/password login. Consider removing the AuthenticationProvider bean. Alternatively, consider using the UserDetailsService in a manually instantiated DaoAuthenticationProvider. If the current configuration is intentional, to turn off this warning, increase the logging level of 'org.springframework.security.config.annotation.authentication.configuration.InitializeUserDetailsBeanManagerConfigurer' to ERROR
2025-03-03 19:22:24,428 [restartedMain] WARN  o.s.b.a.o.j.JpaBaseConfiguration$JpaWebConfiguration: spring.jpa.open-in-view is enabled by default. Therefore, database queries may be performed during view rendering. Explicitly configure spring.jpa.open-in-view to disable this warning
2025-03-03 19:22:25,938 [restartedMain] INFO  o.s.b.a.e.web.EndpointLinksResolver: Exposing 15 endpoints beneath base path '/actuator'
2025-03-03 19:22:26,908 [restartedMain] INFO  o.s.b.d.a.OptionalLiveReloadServer: LiveReload server is running on port 35729
2025-03-03 19:22:27,003 [restartedMain] INFO  o.a.coyote.http11.Http11NioProtocol: Starting ProtocolHandler ["http-nio-9000"]
2025-03-03 19:22:27,027 [restartedMain] INFO  o.s.b.w.e.tomcat.TomcatWebServer: Tomcat started on port 9000 (http) with context path '/'
2025-03-03 19:22:27,055 [restartedMain] INFO  b.c.I.IdentityProviderApplicationKt: Started IdentityProviderApplicationKt in 16.484 seconds (process running for 18.218)
2025-03-03 19:22:40,828 [http-nio-9000-exec-1] INFO  o.a.c.c.C.[Tomcat].[localhost].[/]: Initializing Spring DispatcherServlet 'dispatcherServlet'
2025-03-03 19:22:40,830 [http-nio-9000-exec-1] INFO  o.s.web.servlet.DispatcherServlet: Initializing Servlet 'dispatcherServlet'
2025-03-03 19:22:40,830 [http-nio-9000-exec-1] INFO  o.s.web.servlet.DispatcherServlet: Completed initialization in 0 ms
2025-03-03 19:22:41,640 [http-nio-9000-exec-1] WARN  o.s.w.s.m.m.a.ExceptionHandlerExceptionResolver: Resolved [jakarta.servlet.ServletException: Handler dispatch failed: java.lang.NoSuchMethodError: 'void org.springframework.web.method.ControllerAdviceBean.<init>(java.lang.Object)']
2025-03-03 20:22:34,691 [File Watcher] INFO  o.s.b.d.a.LocalDevToolsAutoConfiguration$RestartingClassPathChangeChangedEventListener: Restarting due to 20 class path changes (0 additions, 19 deletions, 1 modification)
2025-03-03 20:22:34,696 [Thread-5] INFO  o.s.b.w.e.tomcat.GracefulShutdown: Commencing graceful shutdown. Waiting for active requests to complete
2025-03-03 20:22:34,699 [tomcat-shutdown] INFO  o.a.coyote.http11.Http11NioProtocol: Pausing ProtocolHandler ["http-nio-9000"]
2025-03-03 20:22:34,702 [tomcat-shutdown] INFO  o.s.b.w.e.tomcat.GracefulShutdown: Graceful shutdown complete
2025-03-03 20:22:34,707 [Thread-5] INFO  o.a.coyote.http11.Http11NioProtocol: Stopping ProtocolHandler ["http-nio-9000"]
2025-03-03 20:22:34,710 [Thread-5] INFO  o.s.o.j.LocalContainerEntityManagerFactoryBean: Closing JPA EntityManagerFactory for persistence unit 'default'
2025-03-03 20:22:34,720 [Thread-5] INFO  com.zaxxer.hikari.HikariDataSource: HikariPool-1 - Shutdown initiated...
2025-03-03 20:22:34,727 [Thread-5] INFO  com.zaxxer.hikari.HikariDataSource: HikariPool-1 - Shutdown completed.
2025-03-03 20:22:34,930 [restartedMain] INFO  b.c.I.IdentityProviderApplicationKt: Starting IdentityProviderApplicationKt using Java 23.0.2 with PID 18544 (C:\workspace\IdentityProvider\target\classes started by danil in C:\workspace\IdentityProvider)
2025-03-03 20:22:34,930 [restartedMain] INFO  b.c.I.IdentityProviderApplicationKt: No active profile set, falling back to 1 default profile: "default"
2025-03-03 20:22:35,707 [restartedMain] INFO  o.s.d.r.c.RepositoryConfigurationDelegate: Bootstrapping Spring Data JPA repositories in DEFAULT mode.
2025-03-03 20:22:35,710 [restartedMain] INFO  o.s.d.r.c.RepositoryConfigurationDelegate: Finished Spring Data repository scanning in 1 ms. Found 0 JPA repository interfaces.
2025-03-03 20:22:35,910 [restartedMain] INFO  o.s.b.w.e.tomcat.TomcatWebServer: Tomcat initialized with port 9000 (http)
2025-03-03 20:22:35,910 [restartedMain] INFO  o.a.coyote.http11.Http11NioProtocol: Initializing ProtocolHandler ["http-nio-9000"]
2025-03-03 20:22:35,910 [restartedMain] INFO  o.a.catalina.core.StandardService: Starting service [Tomcat]
2025-03-03 20:22:35,910 [restartedMain] INFO  o.a.catalina.core.StandardEngine: Starting Servlet engine: [Apache Tomcat/10.1.36]
2025-03-03 20:22:35,951 [restartedMain] INFO  o.a.c.c.C.[Tomcat].[localhost].[/]: Initializing Spring embedded WebApplicationContext
2025-03-03 20:22:35,951 [restartedMain] INFO  o.s.b.w.s.c.ServletWebServerApplicationContext: Root WebApplicationContext: initialization completed in 1017 ms
2025-03-03 20:22:36,161 [restartedMain] INFO  com.zaxxer.hikari.HikariDataSource: HikariPool-2 - Starting...
2025-03-03 20:22:36,184 [restartedMain] INFO  com.zaxxer.hikari.pool.HikariPool: HikariPool-2 - Added connection org.postgresql.jdbc.PgConnection@5ca8c439
2025-03-03 20:22:36,185 [restartedMain] INFO  com.zaxxer.hikari.HikariDataSource: HikariPool-2 - Start completed.
2025-03-03 20:22:36,190 [restartedMain] INFO  org.flywaydb.core.FlywayExecutor: Database: jdbc:postgresql://localhost:5432/identity_db (PostgreSQL 16.3)
2025-03-03 20:22:36,224 [restartedMain] INFO  o.f.c.internal.command.DbValidate: Successfully validated 2 migrations (execution time 00:00.011s)
2025-03-03 20:22:36,257 [restartedMain] INFO  o.f.core.internal.command.DbMigrate: Current version of schema "public": 1
2025-03-03 20:22:36,259 [restartedMain] INFO  o.f.core.internal.command.DbMigrate: Schema "public" is up to date. No migration necessary.
2025-03-03 20:22:36,298 [restartedMain] INFO  o.h.jpa.internal.util.LogHelper: HHH000204: Processing PersistenceUnitInfo [name: default]
2025-03-03 20:22:36,302 [restartedMain] INFO  o.h.c.i.RegionFactoryInitiator: HHH000026: Second-level cache disabled
2025-03-03 20:22:36,320 [restartedMain] INFO  o.s.o.j.p.SpringPersistenceUnitInfo: No LoadTimeWeaver setup: ignoring JPA class transformer
2025-03-03 20:22:36,326 [restartedMain] WARN  org.hibernate.orm.deprecation: HHH90000025: PostgreSQLDialect does not need to be specified explicitly using 'hibernate.dialect' (remove the property setting and it will be selected by default)
2025-03-03 20:22:36,329 [restartedMain] INFO  o.hibernate.orm.connections.pooling: HHH10001005: Database info:
	Database JDBC URL [Connecting through datasource 'HikariDataSource (HikariPool-2)']
	Database driver: undefined/unknown
	Database version: 16.3
	Autocommit mode: undefined/unknown
	Isolation level: undefined/unknown
	Minimum pool size: undefined/unknown
	Maximum pool size: undefined/unknown
2025-03-03 20:22:36,355 [restartedMain] INFO  o.h.e.t.j.p.i.JtaPlatformInitiator: HHH000489: No JTA platform available (set 'hibernate.transaction.jta.platform' to enable JTA platform integration)
2025-03-03 20:22:36,355 [restartedMain] INFO  o.s.o.j.LocalContainerEntityManagerFactoryBean: Initialized JPA EntityManagerFactory for persistence unit 'default'
2025-03-03 20:22:36,491 [restartedMain] WARN  o.s.b.a.o.j.JpaBaseConfiguration$JpaWebConfiguration: spring.jpa.open-in-view is enabled by default. Therefore, database queries may be performed during view rendering. Explicitly configure spring.jpa.open-in-view to disable this warning
2025-03-03 20:22:37,260 [restartedMain] WARN  o.s.b.a.s.s.UserDetailsServiceAutoConfiguration: 

Using generated security password: 954492d3-f1f1-4d7e-be4e-7e1d96f4d259

This generated password is for development use only. Your security configuration must be updated before running your application in production.

2025-03-03 20:22:37,271 [restartedMain] INFO  o.s.s.c.a.a.c.InitializeUserDetailsBeanManagerConfigurer$InitializeUserDetailsManagerConfigurer: Global AuthenticationManager configured with UserDetailsService bean with name inMemoryUserDetailsManager
2025-03-03 20:22:37,381 [restartedMain] INFO  o.s.b.a.e.web.EndpointLinksResolver: Exposing 15 endpoints beneath base path '/actuator'
2025-03-03 20:22:37,631 [restartedMain] INFO  o.s.b.d.a.OptionalLiveReloadServer: LiveReload server is running on port 35729
2025-03-03 20:22:37,680 [restartedMain] INFO  o.a.coyote.http11.Http11NioProtocol: Starting ProtocolHandler ["http-nio-9000"]
2025-03-03 20:22:37,700 [restartedMain] INFO  o.s.b.w.e.tomcat.TomcatWebServer: Tomcat started on port 9000 (http) with context path '/'
2025-03-03 20:22:37,716 [restartedMain] INFO  b.c.I.IdentityProviderApplicationKt: Started IdentityProviderApplicationKt in 2.836 seconds (process running for 3628.88)
2025-03-03 20:22:37,723 [restartedMain] INFO  o.s.b.d.a.ConditionEvaluationDeltaLoggingListener: Condition evaluation delta:


==========================
CONDITION EVALUATION DELTA
==========================


Positive matches:
-----------------

   ManagementWebSecurityAutoConfiguration matched:
      - found 'session' scope (OnWebApplicationCondition)
      - AllNestedConditions 2 matched 0 did not; NestedCondition on DefaultWebSecurityCondition.Beans @ConditionalOnMissingBean (types: org.springframework.security.web.SecurityFilterChain; SearchStrategy: all) did not find any beans; NestedCondition on DefaultWebSecurityCondition.Classes @ConditionalOnClass found required classes 'org.springframework.security.web.SecurityFilterChain', 'org.springframework.security.config.annotation.web.builders.HttpSecurity' (DefaultWebSecurityCondition)

   SpringBootWebSecurityConfiguration.WebSecurityEnablerConfiguration matched:
      - @ConditionalOnClass found required class 'org.springframework.security.config.annotation.web.configuration.EnableWebSecurity' (OnClassCondition)
      - @ConditionalOnMissingBean (names: springSecurityFilterChain; SearchStrategy: all) did not find any beans (OnBeanCondition)

   UserDetailsServiceAutoConfiguration matched:
      - @ConditionalOnClass found required class 'org.springframework.security.authentication.AuthenticationManager' (OnClassCondition)
      - found 'session' scope (OnWebApplicationCondition)
      - AnyNestedCondition 1 matched 2 did not; NestedCondition on UserDetailsServiceAutoConfiguration.MissingAlternativeOrUserPropertiesConfigured.PasswordConfigured @ConditionalOnProperty (spring.security.user.password) did not find property 'password'; NestedCondition on UserDetailsServiceAutoConfiguration.MissingAlternativeOrUserPropertiesConfigured.NameConfigured @ConditionalOnProperty (spring.security.user.name) did not find property 'name'; NestedCondition on UserDetailsServiceAutoConfiguration.MissingAlternativeOrUserPropertiesConfigured.MissingAlternative @ConditionalOnMissingClass did not find unwanted classes 'org.springframework.security.oauth2.client.registration.ClientRegistrationRepository', 'org.springframework.security.oauth2.server.resource.introspection.OpaqueTokenIntrospector', 'org.springframework.security.saml2.provider.service.registration.RelyingPartyRegistrationRepository' (UserDetailsServiceAutoConfiguration.MissingAlternativeOrUserPropertiesConfigured)
      - @ConditionalOnBean (types: org.springframework.security.config.ObjectPostProcessor; SearchStrategy: all) found beans 'objectPostProcessor', 'webAuthorizationManagerPostProcessor', 'filterChainDecoratorPostProcessor', 'authenticationManagerPostProcessor'; @ConditionalOnMissingBean (types: org.springframework.security.authentication.AuthenticationManager,org.springframework.security.authentication.AuthenticationProvider,org.springframework.security.core.userdetails.UserDetailsService,org.springframework.security.authentication.AuthenticationManagerResolver,org.springframework.security.oauth2.jwt.JwtDecoder; SearchStrategy: all) did not find any beans (OnBeanCondition)


Negative matches:
-----------------

    None


Exclusions:
-----------

    None


Unconditional classes:
----------------------

    None



